<?xml version="1.0"?>
<!DOCTYPE coverage SYSTEM "http://cobertura.sourceforge.net/xml/coverage-04.dtd">
<coverage 
line-rate="0.29" lines-valid="66" lines-covered="19" branches-valid="12" branches-covered="4" branch-rate="0.33" complexity="0" version="1.0" timestamp="1559887784839">
    <sources>
        <source>--source</source>
        <source>/Users/shun/workspace/scala-fp/src/main/scala</source>
    </sources>
    <packages>
        <package name="&lt;empty&gt;" line-rate="0.29" branch-rate="0.33" complexity="0">
            <classes>
                <class name="TypeClassStudy" filename="TypeClassStudy.scala" line-rate="0.00" branch-rate="0.00" complexity="0">
                    <methods>
                        <method name="&lt;empty&gt;/TypeClassStudy/sum" signature="()V" line-rate="0.00" branch-rate="0.00" complexity="0">
                            <lines>
                                <line number="26" hits="0" branch="false"/>
                                <line number="26" hits="0" branch="false"/>
                                <line number="26" hits="0" branch="false"/>
                            </lines>
                        </method>
                    </methods>
                    <lines>
                        <line number="26" hits="0" branch="false"/>
                        <line number="26" hits="0" branch="false"/>
                        <line number="26" hits="0" branch="false"/>
                    </lines>
                </class>
                <class 
                name="TypeClassStudy.Rational.RationalAdditve" filename="TypeClassStudy.scala" line-rate="0.00" branch-rate="0.00" complexity="0">
                    <methods>
                        <method name="&lt;empty&gt;/RationalAdditve/zero" signature="()V" line-rate="0.00" branch-rate="0.00" complexity="0">
                            <lines>
                                <line number="22" hits="0" branch="false"/>
                            </lines>
                        </method>
                        <method name="&lt;empty&gt;/RationalAdditve/plus" signature="()V" line-rate="0.00" branch-rate="0.00" complexity="0">
                            <lines>
                                <line number="19" hits="0" branch="false"/>
                                <line number="15" hits="0" branch="false"/>
                                <line number="16" hits="0" branch="false"/>
                                <line number="17" hits="0" branch="false"/>
                                <line number="19" hits="0" branch="false"/>
                                <line number="19" hits="0" branch="false"/>
                                <line number="19" hits="0" branch="false"/>
                                <line number="14" hits="0" branch="false"/>
                                <line number="16" hits="0" branch="false"/>
                                <line number="19" hits="0" branch="false"/>
                                <line number="19" hits="0" branch="false"/>
                                <line number="19" hits="0" branch="false"/>
                                <line number="14" hits="0" branch="false"/>
                                <line number="19" hits="0" branch="false"/>
                                <line number="16" hits="0" branch="false"/>
                            </lines>
                        </method>
                    </methods>
                    <lines>
                        <line number="19" hits="0" branch="false"/>
                        <line number="15" hits="0" branch="false"/>
                        <line number="16" hits="0" branch="false"/>
                        <line number="17" hits="0" branch="false"/>
                        <line number="19" hits="0" branch="false"/>
                        <line number="19" hits="0" branch="false"/>
                        <line number="19" hits="0" branch="false"/>
                        <line number="14" hits="0" branch="false"/>
                        <line number="16" hits="0" branch="false"/>
                        <line number="19" hits="0" branch="false"/>
                        <line number="19" hits="0" branch="false"/>
                        <line number="22" hits="0" branch="false"/>
                        <line number="19" hits="0" branch="false"/>
                        <line number="14" hits="0" branch="false"/>
                        <line number="19" hits="0" branch="false"/>
                        <line number="16" hits="0" branch="false"/>
                    </lines>
</class>
                <class name="Calc" filename="Calc.scala" line-rate="1.00" branch-rate="1.00" complexity="0">
                    <methods>
                        <method name="&lt;empty&gt;/Calc/isPrime" signature="()V" line-rate="1.00" branch-rate="1.00" complexity="0">
                            <lines>
                                <line number="21" hits="1" branch="false"/>
                                <line number="21" hits="1" branch="false"/>
                                <line number="21" hits="1" branch="false"/>
                                <line number="21" hits="1" branch="false"/>
                                <line number="21" hits="1" branch="false"/>
                                <line number="21" hits="1" branch="false"/>
                                <line number="21" hits="1" branch="false"/>
                                <line number="21" hits="1" branch="false"/>
                                <line number="21" hits="1" branch="false"/>
                            </lines>
                        </method>
                        <method name="&lt;empty&gt;/Calc/sum" signature="()V" line-rate="1.00" branch-rate="1.00" complexity="0">
                            <lines>
                                <line number="6" hits="1" branch="false"/>
                                <line number="6" hits="1" branch="false"/>
                                <line number="6" hits="1" branch="false"/>
                            </lines>
                        </method>
                        <method name="&lt;empty&gt;/Calc/div" signature="()V" line-rate="1.00" branch-rate="1.00" complexity="0">
                            <lines>
                                <line number="13" hits="1" branch="false"/>
                                <line number="13" hits="1" branch="false"/>
                                <line number="13" hits="1" branch="false"/>
                                <line number="13" hits="1" branch="false"/>
                                <line number="14" hits="1" branch="false"/>
                                <line number="14" hits="1" branch="false"/>
                                <line number="13" hits="1" branch="false"/>
                            </lines>
                        </method>
                    </methods>
                    <lines>
                        <line number="21" hits="1" branch="false"/>
                        <line number="13" hits="1" branch="false"/>
                        <line number="21" hits="1" branch="false"/>
                        <line number="6" hits="1" branch="false"/>
                        <line number="13" hits="1" branch="false"/>
                        <line number="21" hits="1" branch="false"/>
                        <line number="13" hits="1" branch="false"/>
                        <line number="21" hits="1" branch="false"/>
                        <line number="21" hits="1" branch="false"/>
                        <line number="13" hits="1" branch="false"/>
                        <line number="14" hits="1" branch="false"/>
                        <line number="6" hits="1" branch="false"/>
                        <line number="21" hits="1" branch="false"/>
                        <line number="14" hits="1" branch="false"/>
                        <line number="21" hits="1" branch="false"/>
                        <line number="21" hits="1" branch="false"/>
                        <line number="6" hits="1" branch="false"/>
                        <line number="21" hits="1" branch="false"/>
                        <line number="13" hits="1" branch="false"/>
                    </lines>
                </class>
                <class name="StreamStudy" filename="StreamStudy/StreamStudy.scala" line-rate="0.00" branch-rate="0.00" complexity="0">
                    <methods>
                        <method name="&lt;empty&gt;/StreamStudy/headOption" signature="()V" line-rate="0.00" branch-rate="0.00" complexity="0">
                            <lines>
                                <line number="5" hits="0" branch="false"/>
                                <line number="5" hits="0" branch="false"/>
                                <line number="4" hits="0" branch="false"/>
                            </lines>
                        </method>
                        <method name="&lt;empty&gt;/StreamStudy/cons" signature="()V" line-rate="0.00" branch-rate="0.00" complexity="0">
                            <lines>
                                <line number="23" hits="0" branch="false"/>
                            </lines>
                        </method>
                        <method name="&lt;empty&gt;/StreamStudy/tail" signature="()V" line-rate="0.00" branch-rate="0.00" complexity="0">
                            <lines>
                                <line number="10" hits="0" branch="false"/>
                                <line number="9" hits="0" branch="false"/>
                            </lines>
                        </method>
                    </methods>
                    <lines>
                        <line number="5" hits="0" branch="false"/>
                        <line number="23" hits="0" branch="false"/>
                        <line number="10" hits="0" branch="false"/>
                        <line number="5" hits="0" branch="false"/>
                        <line number="9" hits="0" branch="false"/>
                        <line number="4" hits="0" branch="false"/>
                    </lines>
                </class>
                <class 
                name="ImplicitParamStudy.Connection" filename="ImplicitParamStudy.scala" line-rate="0.00" branch-rate="0.00" complexity="0">
                    <methods>
                        <method 
                        name="&lt;empty&gt;/Connection/executeQuery" signature="()V" line-rate="0.00" branch-rate="0.00" complexity="0">
                            <lines>
                                <line number="4" hits="0" branch="false"/>
                                <line number="4" hits="0" branch="false"/>
                            </lines>
</method>
                    </methods>
                    <lines>
                        <line number="4" hits="0" branch="false"/>
                        <line number="4" hits="0" branch="false"/>
                    </lines>
</class>
                <class name="Main" filename="Main.scala" line-rate="0.00" branch-rate="0.00" complexity="0">
                    <methods>
                        <method name="&lt;empty&gt;/Main/fact" signature="()V" line-rate="0.00" branch-rate="0.00" complexity="0">
                            <lines>
                                <line number="14" hits="0" branch="false"/>
                                <line number="14" hits="0" branch="false"/>
                                <line number="14" hits="0" branch="false"/>
                                <line number="14" hits="0" branch="false"/>
                                <line number="14" hits="0" branch="false"/>
                                <line number="14" hits="0" branch="false"/>
                            </lines>
                        </method>
                        <method name="&lt;empty&gt;/Main/series" signature="()V" line-rate="0.00" branch-rate="0.00" complexity="0">
                            <lines>
                                <line number="10" hits="0" branch="false"/>
                                <line number="10" hits="0" branch="false"/>
                                <line number="8" hits="0" branch="false"/>
                                <line number="10" hits="0" branch="false"/>
                                <line number="7" hits="0" branch="false"/>
                                <line number="10" hits="0" branch="false"/>
                            </lines>
                        </method>
                    </methods>
                    <lines>
                        <line number="10" hits="0" branch="false"/>
                        <line number="14" hits="0" branch="false"/>
                        <line number="10" hits="0" branch="false"/>
                        <line number="14" hits="0" branch="false"/>
                        <line number="14" hits="0" branch="false"/>
                        <line number="8" hits="0" branch="false"/>
                        <line number="10" hits="0" branch="false"/>
                        <line number="14" hits="0" branch="false"/>
                        <line number="14" hits="0" branch="false"/>
                        <line number="7" hits="0" branch="false"/>
                        <line number="14" hits="0" branch="false"/>
                        <line number="10" hits="0" branch="false"/>
                    </lines>
                </class>
                <class 
                name="ImplicitParamStudy" filename="ImplicitParamStudy.scala" line-rate="0.00" branch-rate="0.00" complexity="0">
                    <methods>
                        <method 
                        name="&lt;empty&gt;/ImplicitParamStudy/createTitle" signature="()V" line-rate="0.00" branch-rate="0.00" complexity="0">
                            <lines>
                                <line number="7" hits="0" branch="false"/>
                                <line number="7" hits="0" branch="false"/>
                            </lines>
</method>
                        <method 
                        name="&lt;empty&gt;/ImplicitParamStudy/selectTitle" signature="()V" line-rate="0.00" branch-rate="0.00" complexity="0">
                            <lines>
                                <line number="9" hits="0" branch="false"/>
                                <line number="9" hits="0" branch="false"/>
                            </lines>
</method>
                        <method 
                        name="&lt;empty&gt;/ImplicitParamStudy/deleteTitle" signature="()V" line-rate="0.00" branch-rate="0.00" complexity="0">
                            <lines>
                                <line number="13" hits="0" branch="false"/>
                                <line number="13" hits="0" branch="false"/>
                            </lines>
</method>
                        <method 
                        name="&lt;empty&gt;/ImplicitParamStudy/updateTitle" signature="()V" line-rate="0.00" branch-rate="0.00" complexity="0">
                            <lines>
                                <line number="11" hits="0" branch="false"/>
                                <line number="11" hits="0" branch="false"/>
                            </lines>
</method>
                    </methods>
                    <lines>
                        <line number="7" hits="0" branch="false"/>
                        <line number="11" hits="0" branch="false"/>
                        <line number="13" hits="0" branch="false"/>
                        <line number="7" hits="0" branch="false"/>
                        <line number="9" hits="0" branch="false"/>
                        <line number="13" hits="0" branch="false"/>
                        <line number="11" hits="0" branch="false"/>
                        <line number="9" hits="0" branch="false"/>
                    </lines>
</class>
            </classes>
        </package>
    </packages>
</coverage>
